{
  "RSpec": {
    "coverage": {
      "/Users/ericamcgillicuddy/Downloads/Bridge/app/models/user.rb": {
        "lines": [
          1,
          null,
          null,
          1,
          null,
          1,
          null
        ]
      },
      "/Users/ericamcgillicuddy/Downloads/Bridge/app/models/application_record.rb": {
        "lines": [
          1,
          1,
          null
        ]
      },
      "/Users/ericamcgillicuddy/Downloads/Bridge/app/helpers/application_helper.rb": {
        "lines": [
          1,
          null
        ]
      },
      "/Users/ericamcgillicuddy/Downloads/Bridge/app/helpers/pages_helper.rb": {
        "lines": [
          1,
          null
        ]
      },
      "/Users/ericamcgillicuddy/Downloads/Bridge/app/channels/application_cable/channel.rb": {
        "lines": [
          1,
          1,
          null,
          null
        ]
      },
      "/Users/ericamcgillicuddy/Downloads/Bridge/app/channels/application_cable/connection.rb": {
        "lines": [
          1,
          1,
          null,
          null
        ]
      },
      "/Users/ericamcgillicuddy/Downloads/Bridge/app/controllers/postings_controller.rb": {
        "lines": [
          1,
          null,
          1,
          1,
          1,
          1,
          null,
          1,
          1,
          null,
          1,
          15,
          15,
          15,
          15,
          null,
          null,
          1,
          2,
          2,
          2,
          null,
          null,
          1,
          4,
          3,
          null,
          1,
          null,
          null,
          null,
          1,
          4,
          3,
          null,
          1,
          null,
          null,
          null,
          1,
          2,
          2,
          null,
          null,
          null,
          1,
          2,
          null,
          null,
          1,
          2,
          null,
          null,
          1,
          2,
          2,
          2,
          null,
          null,
          1,
          1,
          1,
          1,
          null,
          null,
          1,
          2,
          2,
          null,
          2,
          1,
          null,
          1,
          null,
          null,
          null,
          1,
          2,
          null,
          null,
          1,
          null,
          null,
          1,
          3,
          null,
          null
        ]
      },
      "/Users/ericamcgillicuddy/Downloads/Bridge/app/controllers/application_controller.rb": {
        "lines": [
          1,
          null
        ]
      },
      "/Users/ericamcgillicuddy/Downloads/Bridge/app/controllers/users_controller.rb": {
        "lines": [
          1,
          1,
          1,
          1,
          null,
          null
        ]
      },
      "/Users/ericamcgillicuddy/Downloads/Bridge/app/jobs/application_job.rb": {
        "lines": [
          1,
          null,
          null,
          null,
          null,
          null,
          null
        ]
      },
      "/Users/ericamcgillicuddy/Downloads/Bridge/app/mailers/application_mailer.rb": {
        "lines": [
          1,
          1,
          1,
          null
        ]
      },
      "/Users/ericamcgillicuddy/Downloads/Bridge/app/models/posting.rb": {
        "lines": [
          1,
          1,
          null,
          1,
          1,
          1,
          1,
          1,
          1,
          1,
          1,
          null,
          1,
          23,
          null,
          null,
          1,
          22,
          null,
          null,
          1,
          6,
          3,
          3,
          1,
          2,
          1,
          null,
          1,
          null,
          null,
          null
        ]
      }
    },
    "timestamp": 1702593907
  }
}
