{
  "RSpec": {
    "coverage": {
      "/Users/rutvikrau/Desktop/College_Stuff/CS/ESAAS/Bridge/app/models/user.rb": {
        "lines": [
          1,
          null,
          null,
          1,
          null,
          1,
          null
        ]
      },
      "/Users/rutvikrau/Desktop/College_Stuff/CS/ESAAS/Bridge/app/models/application_record.rb": {
        "lines": [
          1,
          1,
          null
        ]
      },
      "/Users/rutvikrau/Desktop/College_Stuff/CS/ESAAS/Bridge/app/helpers/application_helper.rb": {
        "lines": [
          1,
          null
        ]
      },
      "/Users/rutvikrau/Desktop/College_Stuff/CS/ESAAS/Bridge/app/helpers/pages_helper.rb": {
        "lines": [
          1,
          null
        ]
      },
      "/Users/rutvikrau/Desktop/College_Stuff/CS/ESAAS/Bridge/app/controllers/postings_controller.rb": {
        "lines": [
          1,
          null,
          1,
          1,
          1,
          1,
          null,
          1,
          1,
          null,
          1,
          15,
          15,
          15,
          15,
          null,
          null,
          1,
          2,
          2,
          2,
          null,
          null,
          1,
          4,
          3,
          null,
          1,
          null,
          null,
          null,
          1,
          4,
          3,
          null,
          1,
          null,
          null,
          null,
          1,
          2,
          2,
          null,
          null,
          null,
          1,
          2,
          null,
          null,
          1,
          2,
          null,
          null,
          1,
          2,
          2,
          2,
          null,
          null,
          1,
          1,
          1,
          1,
          null,
          null,
          1,
          2,
          2,
          null,
          2,
          1,
          null,
          1,
          null,
          null,
          null,
          1,
          2,
          null,
          null,
          1,
          null,
          null,
          1,
          3,
          null,
          null
        ]
      },
      "/Users/rutvikrau/Desktop/College_Stuff/CS/ESAAS/Bridge/app/controllers/application_controller.rb": {
        "lines": [
          1,
          null
        ]
      },
      "/Users/rutvikrau/Desktop/College_Stuff/CS/ESAAS/Bridge/app/controllers/users_controller.rb": {
        "lines": [
          1,
          1,
          1,
          1,
          null,
          null
        ]
      },
      "/Users/rutvikrau/Desktop/College_Stuff/CS/ESAAS/Bridge/app/jobs/application_job.rb": {
        "lines": [
          1,
          null,
          null,
          null,
          null,
          null,
          null
        ]
      },
      "/Users/rutvikrau/Desktop/College_Stuff/CS/ESAAS/Bridge/app/mailers/application_mailer.rb": {
        "lines": [
          1,
          1,
          1,
          null
        ]
      },
      "/Users/rutvikrau/Desktop/College_Stuff/CS/ESAAS/Bridge/app/models/posting.rb": {
        "lines": [
          1,
          1,
          null,
          1,
          1,
          1,
          1,
          1,
          1,
          1,
          1,
          null,
          1,
          23,
          null,
          null,
          1,
          22,
          null,
          null,
          1,
          6,
          3,
          3,
          1,
          2,
          1,
          null,
          1,
          null,
          null,
          null
        ]
      },
      "/Users/rutvikrau/Desktop/College_Stuff/CS/ESAAS/Bridge/app/channels/application_cable/channel.rb": {
        "lines": [
          null,
          null,
          null,
          null
        ],
        "branches": {
        }
      },
      "/Users/rutvikrau/Desktop/College_Stuff/CS/ESAAS/Bridge/app/channels/application_cable/connection.rb": {
        "lines": [
          null,
          null,
          null,
          null
        ],
        "branches": {
        }
      }
    },
    "timestamp": 1702958209
  },
  "Cucumber Features": {
    "coverage": {
      "/Users/rutvikrau/Desktop/College_Stuff/CS/ESAAS/Bridge/app/controllers/application_controller.rb": {
        "lines": [
          1,
          null
        ]
      },
      "/Users/rutvikrau/Desktop/College_Stuff/CS/ESAAS/Bridge/app/helpers/application_helper.rb": {
        "lines": [
          1,
          null
        ]
      },
      "/Users/rutvikrau/Desktop/College_Stuff/CS/ESAAS/Bridge/app/helpers/pages_helper.rb": {
        "lines": [
          1,
          null
        ]
      },
      "/Users/rutvikrau/Desktop/College_Stuff/CS/ESAAS/Bridge/app/controllers/users_controller.rb": {
        "lines": [
          1,
          1,
          1,
          8,
          null,
          null
        ]
      },
      "/Users/rutvikrau/Desktop/College_Stuff/CS/ESAAS/Bridge/app/controllers/postings_controller.rb": {
        "lines": [
          1,
          null,
          1,
          1,
          1,
          1,
          null,
          1,
          1,
          null,
          1,
          40,
          40,
          40,
          40,
          null,
          null,
          1,
          20,
          20,
          20,
          null,
          null,
          1,
          20,
          18,
          null,
          2,
          null,
          null,
          null,
          1,
          20,
          18,
          null,
          2,
          null,
          null,
          null,
          1,
          8,
          8,
          null,
          null,
          null,
          1,
          4,
          null,
          null,
          1,
          1,
          null,
          null,
          1,
          1,
          1,
          1,
          null,
          null,
          1,
          1,
          1,
          1,
          null,
          null,
          1,
          4,
          4,
          null,
          4,
          4,
          null,
          0,
          null,
          null,
          null,
          1,
          1,
          null,
          null,
          1,
          null,
          null,
          1,
          5,
          null,
          null
        ]
      },
      "/Users/rutvikrau/Desktop/College_Stuff/CS/ESAAS/Bridge/app/models/posting.rb": {
        "lines": [
          1,
          1,
          null,
          1,
          1,
          1,
          1,
          1,
          1,
          1,
          1,
          null,
          1,
          83,
          null,
          null,
          1,
          85,
          null,
          null,
          1,
          20,
          18,
          2,
          0,
          2,
          0,
          null,
          2,
          null,
          null,
          null
        ]
      },
      "/Users/rutvikrau/Desktop/College_Stuff/CS/ESAAS/Bridge/app/channels/application_cable/channel.rb": {
        "lines": [
          null,
          null,
          null,
          null
        ],
        "branches": {
        }
      },
      "/Users/rutvikrau/Desktop/College_Stuff/CS/ESAAS/Bridge/app/channels/application_cable/connection.rb": {
        "lines": [
          null,
          null,
          null,
          null
        ],
        "branches": {
        }
      },
      "/Users/rutvikrau/Desktop/College_Stuff/CS/ESAAS/Bridge/app/jobs/application_job.rb": {
        "lines": [
          0,
          null,
          null,
          null,
          null,
          null,
          0
        ],
        "branches": {
        }
      },
      "/Users/rutvikrau/Desktop/College_Stuff/CS/ESAAS/Bridge/app/mailers/application_mailer.rb": {
        "lines": [
          0,
          0,
          0,
          0
        ],
        "branches": {
        }
      },
      "/Users/rutvikrau/Desktop/College_Stuff/CS/ESAAS/Bridge/app/models/application_record.rb": {
        "lines": [
          0,
          0,
          0
        ],
        "branches": {
        }
      },
      "/Users/rutvikrau/Desktop/College_Stuff/CS/ESAAS/Bridge/app/models/user.rb": {
        "lines": [
          0,
          null,
          null,
          0,
          0,
          0,
          0
        ],
        "branches": {
        }
      }
    },
    "timestamp": 1702958204
  }
}
